0 verbose cli /usr/local/bin/node /Users/dannymeese/.npm-global/lib/node_modules/npm/bin/npm-cli.js
1 info using npm@11.4.2
2 info using node@v22.11.0
3 silly config load:file:/Users/dannymeese/.npm-global/lib/node_modules/npm/npmrc
4 silly config load:file:/Users/dannymeese/Dropbox (Personal)/VibeHQ/Forgetaboutit-Writer/.npmrc
5 silly config load:file:/Users/dannymeese/.npmrc
6 silly config load:file:/Users/dannymeese/.npm-global/etc/npmrc
7 verbose title npm exec prisma generate
8 verbose argv "exec" "--" "prisma" "generate"
9 verbose logfile logs-max:10 dir:/Users/dannymeese/Dropbox (Personal)/VibeHQ/Forgetaboutit-Writer/.npm-cache/_logs/2025-11-30T06_27_23_233Z-
10 verbose logfile /Users/dannymeese/Dropbox (Personal)/VibeHQ/Forgetaboutit-Writer/.npm-cache/_logs/2025-11-30T06_27_23_233Z-debug-0.log
11 silly logfile done cleaning log files
12 http fetch GET 200 https://registry.npmjs.org/npm 112ms
13 verbose cwd /Users/dannymeese/Dropbox (Personal)/VibeHQ/Forgetaboutit-Writer
14 verbose os Darwin 25.1.0
15 verbose node v22.11.0
16 verbose npm  v11.4.2
17 notice
17 notice New minor version of npm available! 11.4.2 -> 11.6.4
17 notice Changelog: https://github.com/npm/cli/releases/tag/v11.6.4
17 notice To update run: npm install -g npm@11.6.4
17 notice  { force: true, [Symbol(proc-log.meta)]: true }
18 verbose exit 0
19 info ok
